========================================
深夜のコンビニ — 起動ログ
日時: 2026-04-16 22:34:03
========================================

Full traceback:
  File "game/prologue.rpy", line 13, in script
    "十月下旬。肌寒い秋の夜。"
  File "/Users/kikuchi/renpy-8.3.7-sdk/renpy/ast.py", line 2586, in execute
    Say.execute(self)
  File "/Users/kikuchi/renpy-8.3.7-sdk/renpy/ast.py", line 623, in execute
    renpy.exports.say(who, what, *args, **kwargs)
  File "/Users/kikuchi/renpy-8.3.7-sdk/renpy/exports/sayexports.py", line 132, in say
    who(what, *args, **kwargs)
TypeError: 'NoneType' object is not callable

While running game code:
  File "game/prologue.rpy", line 13, in script
    "十月下旬。肌寒い秋の夜。"
TypeError: 'NoneType' object is not callable

========================================
終了コード: 0
終了日時: 2026-04-17 09:10:09
========================================
