Traceback (most recent call last):
  File "/Users/kikuchi/python/python/kintai_v2/main.py", line 189, in <module>
    app = RumpsTest()
          ^^^^^^^^^^^
  File "/Users/kikuchi/python/python/kintai_v2/main.py", line 34, in __init__
    MenuItem("通知間隔の設定", submenu=[
TypeError: MenuItem.__init__() got an unexpected keyword argument 'submenu'
Traceback (most recent call last):
  File "/Users/kikuchi/.pyenv/versions/3.11.8/lib/python3.11/site-packages/rumps/rumps.py", line 733, in callback_
    return _internal.call_as_function_or_method(getattr(self, '*callback'), self)
           ^^^^^^^^^^^^^^^^^^^^^^^^^^^^^^^^^^^^^^^^^^^^^^^^^^^^^^^^^^^^^^^^^^^^^^
  File "/Users/kikuchi/.pyenv/versions/3.11.8/lib/python3.11/site-packages/rumps/_internal.py", line 46, in call_as_function_or_method
    return func(*args, **kwargs)
           ^^^^^^^^^^^^^^^^^^^^^
  File "/Users/kikuchi/python/python/kintai_v2/main.py", line 64, in notify
    App.notification("リマインダー", "作業中ですか？", f"{self._notify_interval//60}分経過しました。休憩や記録を忘れずに！")
    ^^^^^^^^^^^^^^^^
AttributeError: type object 'App' has no attribute 'notification'
Traceback (most recent call last):
  File "/Users/kikuchi/.pyenv/versions/3.11.8/lib/python3.11/site-packages/rumps/rumps.py", line 733, in callback_
    return _internal.call_as_function_or_method(getattr(self, '*callback'), self)
           ^^^^^^^^^^^^^^^^^^^^^^^^^^^^^^^^^^^^^^^^^^^^^^^^^^^^^^^^^^^^^^^^^^^^^^
  File "/Users/kikuchi/.pyenv/versions/3.11.8/lib/python3.11/site-packages/rumps/_internal.py", line 46, in call_as_function_or_method
    return func(*args, **kwargs)
           ^^^^^^^^^^^^^^^^^^^^^
  File "/Users/kikuchi/python/python/kintai_v2/main.py", line 64, in notify
    App.notification("リマインダー", "作業中ですか？", f"{self._notify_interval//60}分経過しました。休憩や記録を忘れずに！")
    ^^^^^^^^^^^^^^^^
AttributeError: type object 'App' has no attribute 'notification'
